<?xml version="1.0" encoding="UTF-8" ?>
<testsuites disabled="0" errors="0" failures="1" tests="2" time="11.929">
 <testsuite name="demo test" timestamp="2019-09-23T18:37:56" hostname="localhost" time="11.929" errors="0" tests="2" skipped="0" disabled="0" failures="1">
  <testcase classname="demo test" name="add test" time="7.016" />
  <testcase classname="demo test" name="subtract test" time="4.91">
   <failure type="toEqual" message="Expected &apos;4&apos; to equal &apos;2&apos;."><![CDATA[Error: Failed expectation
    at UserContext.<anonymous> (C:\PROTRACTORDEMO\tests\calc.js:22:20)
    at C:\Users\Payani Putturu\AppData\Roaming\npm\node_modules\protractor\node_modules\jasminewd2\index.js:112:25
    at new ManagedPromise (C:\Users\Payani Putturu\AppData\Roaming\npm\node_modules\protractor\node_modules\selenium-webdriver\lib\promise.js:1077:7)
    at ControlFlow.promise (C:\Users\Payani Putturu\AppData\Roaming\npm\node_modules\protractor\node_modules\selenium-webdriver\lib\promise.js:2505:12)
    at schedulerExecute (C:\Users\Payani Putturu\AppData\Roaming\npm\node_modules\protractor\node_modules\jasminewd2\index.js:95:18)
    at TaskQueue.execute_ (C:\Users\Payani Putturu\AppData\Roaming\npm\node_modules\protractor\node_modules\selenium-webdriver\lib\promise.js:3084:14)
    at TaskQueue.executeNext_ (C:\Users\Payani Putturu\AppData\Roaming\npm\node_modules\protractor\node_modules\selenium-webdriver\lib\promise.js:3067:27)
    at asyncRun (C:\Users\Payani Putturu\AppData\Roaming\npm\node_modules\protractor\node_modules\selenium-webdriver\lib\promise.js:2974:25)
    at C:\Users\Payani Putturu\AppData\Roaming\npm\node_modules\protractor\node_modules\selenium-webdriver\lib\promise.js:668:7]]>
   </failure>
  </testcase>
 </testsuite>
</testsuites>